2019-12-27 09:02:50.071 [main] INFO  java.sql.Connection - Current catalog bike-rental
2019-12-27 09:04:49.246 [main] INFO  java.sql.Connection - Current catalog bike-rental
2019-12-27 09:06:24.737 [main] INFO  java.sql.Connection - Current catalog 4
2019-12-27 09:46:07.584 [main] INFO  java.sql.Connection - Current catalog 4
2019-12-27 10:47:59.050 [main] INFO  java.sql.Connection - 1 yura vashkevich
2019-12-27 10:55:40.779 [main] INFO  java.sql.Connection - 1 yura vashkevich
2019-12-27 10:58:35.287 [main] INFO  java.sql.Connection - 1 igor petrov
2019-12-27 11:01:25.163 [main] INFO  java.sql.Connection - 1 yura vashkevich
2019-12-27 11:01:25.170 [main] INFO  java.sql.Connection - 2 pavel popov
2019-12-27 11:21:02.347 [main] INFO  java.sql.Connection - 1 yura vashkevich
2019-12-27 11:21:02.355 [main] INFO  java.sql.Connection - 2 pavel popov
2019-12-27 17:16:56.813 [main] INFO  java.sql.Connection - 1 yura vashkevich
2019-12-27 17:16:56.850 [main] INFO  java.sql.Connection - 2 pavel popov
2019-12-27 17:17:17.188 [main] INFO  java.sql.Connection - 1 yura vashkevich
2019-12-27 17:17:17.198 [main] INFO  java.sql.Connection - 2 pavel popov
2019-12-29 10:40:02.559 [main] INFO  java.sql.Connection - 1 yura vashkevich
2019-12-29 10:40:02.591 [main] INFO  java.sql.Connection - 2 igor petrov
2019-12-29 10:40:02.592 [main] INFO  java.sql.Connection - 3 pavel popov
2019-12-29 11:31:52.603 [main] INFO  java.sql.Connection - First 1yura vashkevich
2019-12-29 11:31:52.611 [main] INFO  java.sql.Connection - First 3pavel popov
2019-12-29 11:31:52.613 [main] INFO  java.sql.Connection - First 3pavel popov
2019-12-29 11:31:52.613 [main] INFO  java.sql.Connection - First 2igor petrov
2019-12-29 11:31:52.614 [main] INFO  java.sql.Connection - First 1yura vashkevich
2019-12-29 17:36:38.719 [main] INFO  java.sql.Connection - First 1yura vashkevich
2019-12-29 17:36:38.727 [main] INFO  java.sql.Connection - Last 3pavel popov
2019-12-29 17:36:38.727 [main] INFO  java.sql.Connection - Row 3pavel popov
2019-12-29 17:36:38.727 [main] INFO  java.sql.Connection - Row 2igor petrov
2019-12-29 17:36:38.728 [main] INFO  java.sql.Connection - Row 1yura vashkevich
2019-12-29 17:38:48.642 [main] INFO  java.sql.Connection - First 1yura vashkevich
2019-12-29 17:38:48.656 [main] INFO  java.sql.Connection - Last 3pavel popov
2019-12-29 17:38:48.657 [main] INFO  java.sql.Connection - Row 3pavel popov
2019-12-29 17:38:48.657 [main] INFO  java.sql.Connection - Row 2igor petrov
2019-12-29 17:38:48.658 [main] INFO  java.sql.Connection - Row 1yura vashkevich
2019-12-29 18:59:38.642 [main] INFO  java.sql.Connection - 1 vashkevich
2019-12-29 19:05:33.818 [main] INFO  java.sql.Connection - 1 vashkevich
2020-01-03 20:09:08.013 [main] FATAL by.training.vashkevichyura.connection.ProxyConnectionFactory - Connection to database: null was not established
java.sql.SQLException: Access denied for user ''@'localhost' (using password: NO)
	at com.mysql.cj.jdbc.exceptions.SQLError.createSQLException(SQLError.java:129) ~[mysql-connector-java-8.0.18.jar:8.0.18]
	at com.mysql.cj.jdbc.exceptions.SQLError.createSQLException(SQLError.java:97) ~[mysql-connector-java-8.0.18.jar:8.0.18]
	at com.mysql.cj.jdbc.exceptions.SQLExceptionsMapping.translateException(SQLExceptionsMapping.java:122) ~[mysql-connector-java-8.0.18.jar:8.0.18]
	at com.mysql.cj.jdbc.ConnectionImpl.createNewIO(ConnectionImpl.java:836) ~[mysql-connector-java-8.0.18.jar:8.0.18]
	at com.mysql.cj.jdbc.ConnectionImpl.<init>(ConnectionImpl.java:456) ~[mysql-connector-java-8.0.18.jar:8.0.18]
	at com.mysql.cj.jdbc.ConnectionImpl.getInstance(ConnectionImpl.java:246) ~[mysql-connector-java-8.0.18.jar:8.0.18]
	at com.mysql.cj.jdbc.NonRegisteringDriver.connect(NonRegisteringDriver.java:199) ~[mysql-connector-java-8.0.18.jar:8.0.18]
	at java.sql.DriverManager.getConnection(DriverManager.java:664) ~[?:1.8.0_151]
	at java.sql.DriverManager.getConnection(DriverManager.java:208) ~[?:1.8.0_151]
	at by.training.vashkevichyura.connection.ProxyConnectionFactory.createProxyConnection(ProxyConnectionFactory.java:54) [classes/:?]
	at by.training.vashkevichyura.connection.ConnectionPool.<init>(ConnectionPool.java:54) [classes/:?]
	at by.training.vashkevichyura.connection.ConnectionPool.getInstance(ConnectionPool.java:31) [classes/:?]
	at by.training.vashkevichyura.connection.ConnectionImpr.main(ConnectionImpr.java:13) [classes/:?]
2020-01-10 12:36:27.517 [main] ERROR by.training.vashkevichyura.dao.Impl.BikeDAOImpl - Exception in BikeDAOImpl add method. Impossible insert bike
java.sql.SQLIntegrityConstraintViolationException: Cannot add or update a child row: a foreign key constraint fails (`bike-rental`.`bikes`, CONSTRAINT `bikes_bike-type__fk` FOREIGN KEY (`bike_type_id`) REFERENCES `bike_types` (`id`))
	at com.mysql.cj.jdbc.exceptions.SQLError.createSQLException(SQLError.java:117) ~[mysql-connector-java-8.0.18.jar:8.0.18]
	at com.mysql.cj.jdbc.exceptions.SQLError.createSQLException(SQLError.java:97) ~[mysql-connector-java-8.0.18.jar:8.0.18]
	at com.mysql.cj.jdbc.exceptions.SQLExceptionsMapping.translateException(SQLExceptionsMapping.java:122) ~[mysql-connector-java-8.0.18.jar:8.0.18]
	at com.mysql.cj.jdbc.ClientPreparedStatement.executeInternal(ClientPreparedStatement.java:953) ~[mysql-connector-java-8.0.18.jar:8.0.18]
	at com.mysql.cj.jdbc.ClientPreparedStatement.executeUpdateInternal(ClientPreparedStatement.java:1092) ~[mysql-connector-java-8.0.18.jar:8.0.18]
	at com.mysql.cj.jdbc.ClientPreparedStatement.executeUpdateInternal(ClientPreparedStatement.java:1040) ~[mysql-connector-java-8.0.18.jar:8.0.18]
	at com.mysql.cj.jdbc.ClientPreparedStatement.executeLargeUpdate(ClientPreparedStatement.java:1347) ~[mysql-connector-java-8.0.18.jar:8.0.18]
	at com.mysql.cj.jdbc.ClientPreparedStatement.executeUpdate(ClientPreparedStatement.java:1025) ~[mysql-connector-java-8.0.18.jar:8.0.18]
	at by.training.vashkevichyura.dao.Impl.BikeDAOImpl.add(BikeDAOImpl.java:29) [classes/:?]
	at by.training.vashkevichyura.connection.ConnectionImpr.main(ConnectionImpr.java:25) [classes/:?]
2020-01-12 10:32:54.255 [main] ERROR by.training.vashkevichyura.dao.Impl.BikeTypeDAOImpl - update bikeType error
java.sql.SQLIntegrityConstraintViolationException: Duplicate entry '1' for key 'PRIMARY'
	at com.mysql.cj.jdbc.exceptions.SQLError.createSQLException(SQLError.java:117) ~[mysql-connector-java-8.0.18.jar:8.0.18]
	at com.mysql.cj.jdbc.exceptions.SQLError.createSQLException(SQLError.java:97) ~[mysql-connector-java-8.0.18.jar:8.0.18]
	at com.mysql.cj.jdbc.exceptions.SQLExceptionsMapping.translateException(SQLExceptionsMapping.java:122) ~[mysql-connector-java-8.0.18.jar:8.0.18]
	at com.mysql.cj.jdbc.ClientPreparedStatement.executeInternal(ClientPreparedStatement.java:953) ~[mysql-connector-java-8.0.18.jar:8.0.18]
	at com.mysql.cj.jdbc.ClientPreparedStatement.executeUpdateInternal(ClientPreparedStatement.java:1092) ~[mysql-connector-java-8.0.18.jar:8.0.18]
	at com.mysql.cj.jdbc.ClientPreparedStatement.executeUpdateInternal(ClientPreparedStatement.java:1040) ~[mysql-connector-java-8.0.18.jar:8.0.18]
	at com.mysql.cj.jdbc.ClientPreparedStatement.executeLargeUpdate(ClientPreparedStatement.java:1347) ~[mysql-connector-java-8.0.18.jar:8.0.18]
	at com.mysql.cj.jdbc.ClientPreparedStatement.executeUpdate(ClientPreparedStatement.java:1025) ~[mysql-connector-java-8.0.18.jar:8.0.18]
	at by.training.vashkevichyura.dao.Impl.BikeTypeDAOImpl.update(BikeTypeDAOImpl.java:117) ~[classes/:?]
	at by.training.vashkevichyura.test.by.BikeTypeDAOImplTest.testUpdate(BikeTypeDAOImplTest.java:50) ~[classes/:?]
	at sun.reflect.NativeMethodAccessorImpl.invoke0(Native Method) ~[?:1.8.0_151]
	at sun.reflect.NativeMethodAccessorImpl.invoke(NativeMethodAccessorImpl.java:62) ~[?:1.8.0_151]
	at sun.reflect.DelegatingMethodAccessorImpl.invoke(DelegatingMethodAccessorImpl.java:43) ~[?:1.8.0_151]
	at java.lang.reflect.Method.invoke(Method.java:498) ~[?:1.8.0_151]
	at org.testng.internal.MethodInvocationHelper.invokeMethod(MethodInvocationHelper.java:133) ~[testng-7.0.0.jar:?]
	at org.testng.internal.TestInvoker.invokeMethod(TestInvoker.java:584) ~[testng-7.0.0.jar:?]
	at org.testng.internal.TestInvoker.invokeTestMethod(TestInvoker.java:172) ~[testng-7.0.0.jar:?]
	at org.testng.internal.MethodRunner.runInSequence(MethodRunner.java:46) ~[testng-7.0.0.jar:?]
	at org.testng.internal.TestInvoker$MethodInvocationAgent.invoke(TestInvoker.java:804) ~[testng-7.0.0.jar:?]
	at org.testng.internal.TestInvoker.invokeTestMethods(TestInvoker.java:145) ~[testng-7.0.0.jar:?]
	at org.testng.internal.TestMethodWorker.invokeTestMethods(TestMethodWorker.java:146) ~[testng-7.0.0.jar:?]
	at org.testng.internal.TestMethodWorker.run(TestMethodWorker.java:128) ~[testng-7.0.0.jar:?]
	at java.util.ArrayList.forEach(ArrayList.java:1255) [?:1.8.0_151]
	at org.testng.TestRunner.privateRun(TestRunner.java:770) [testng-7.0.0.jar:?]
	at org.testng.TestRunner.run(TestRunner.java:591) [testng-7.0.0.jar:?]
	at org.testng.SuiteRunner.runTest(SuiteRunner.java:402) [testng-7.0.0.jar:?]
	at org.testng.SuiteRunner.runSequentially(SuiteRunner.java:396) [testng-7.0.0.jar:?]
	at org.testng.SuiteRunner.privateRun(SuiteRunner.java:355) [testng-7.0.0.jar:?]
	at org.testng.SuiteRunner.run(SuiteRunner.java:304) [testng-7.0.0.jar:?]
	at org.testng.SuiteRunnerWorker.runSuite(SuiteRunnerWorker.java:53) [testng-7.0.0.jar:?]
	at org.testng.SuiteRunnerWorker.run(SuiteRunnerWorker.java:96) [testng-7.0.0.jar:?]
	at org.testng.TestNG.runSuitesSequentially(TestNG.java:1180) [testng-7.0.0.jar:?]
	at org.testng.TestNG.runSuitesLocally(TestNG.java:1102) [testng-7.0.0.jar:?]
	at org.testng.TestNG.runSuites(TestNG.java:1032) [testng-7.0.0.jar:?]
	at org.testng.TestNG.run(TestNG.java:1000) [testng-7.0.0.jar:?]
	at org.testng.IDEARemoteTestNG.run(IDEARemoteTestNG.java:72) [testng-plugin.jar:?]
	at org.testng.RemoteTestNGStarter.main(RemoteTestNGStarter.java:123) [testng-plugin.jar:?]
2020-01-15 11:18:07.124 [main] INFO  by.training.vashkevichyura.dao.Impl.BikeDAOImpl - count changed element 1
2020-01-15 11:18:47.084 [main] INFO  by.training.vashkevichyura.dao.Impl.BikeDAOImpl - count changed element 1
2020-01-15 11:19:03.156 [main] INFO  by.training.vashkevichyura.dao.Impl.BikeDAOImpl - count changed element 1
2020-01-15 11:25:10.178 [main] INFO  by.training.vashkevichyura.dao.Impl.BikeDAOImpl - count changed element 1
2020-01-15 11:25:26.263 [main] INFO  by.training.vashkevichyura.dao.Impl.BikeDAOImpl - count changed element 1
2020-01-15 11:25:38.202 [main] INFO  by.training.vashkevichyura.dao.Impl.BikeDAOImpl - count changed element 1
2020-01-15 11:26:09.208 [main] INFO  by.training.vashkevichyura.dao.Impl.BikeDAOImpl - count changed element 1
2020-01-15 11:26:25.478 [main] INFO  by.training.vashkevichyura.dao.Impl.BikeDAOImpl - count changed element 1
2020-01-15 11:26:38.248 [main] INFO  by.training.vashkevichyura.dao.Impl.BikeDAOImpl - count changed element 1
2020-01-15 11:33:41.300 [main] INFO  by.training.vashkevichyura.dao.Impl.BikeDAOImpl - count changed element 1
2020-01-15 11:33:55.387 [main] INFO  by.training.vashkevichyura.dao.Impl.BikeDAOImpl - count changed element 1
2020-01-15 11:34:06.885 [main] INFO  by.training.vashkevichyura.dao.Impl.BikeDAOImpl - count changed element 1
2020-01-15 11:34:47.218 [main] INFO  by.training.vashkevichyura.dao.Impl.BikeDAOImpl - count changed element 1
2020-01-15 11:34:58.727 [main] INFO  by.training.vashkevichyura.dao.Impl.BikeDAOImpl - count changed element 1
2020-01-15 11:36:16.203 [main] INFO  by.training.vashkevichyura.dao.Impl.BikeDAOImpl - count changed element 1
2020-01-15 11:36:43.085 [main] INFO  by.training.vashkevichyura.dao.Impl.BikeDAOImpl - count changed element 1
2020-01-15 11:36:52.870 [main] INFO  by.training.vashkevichyura.dao.Impl.BikeDAOImpl - count changed element 1
2020-01-15 11:37:01.224 [main] INFO  by.training.vashkevichyura.dao.Impl.BikeDAOImpl - count changed element 1
2020-01-15 11:43:43.586 [main] INFO  by.training.vashkevichyura.dao.Impl.BikeDAOImpl - count changed element 1
2020-01-15 11:43:54.094 [main] INFO  by.training.vashkevichyura.dao.Impl.BikeDAOImpl - count changed element 1
2020-01-15 11:44:03.873 [main] INFO  by.training.vashkevichyura.dao.Impl.BikeDAOImpl - count changed element 1
2020-01-15 11:44:46.254 [main] INFO  by.training.vashkevichyura.dao.Impl.BikeDAOImpl - count changed element 1
2020-01-15 11:45:00.080 [main] INFO  by.training.vashkevichyura.dao.Impl.BikeDAOImpl - count changed element 1
2020-01-15 11:45:25.136 [main] INFO  by.training.vashkevichyura.dao.Impl.BikeDAOImpl - count changed element 1
2020-01-15 11:45:48.506 [main] INFO  by.training.vashkevichyura.dao.Impl.BikeDAOImpl - count changed element 1
2020-01-15 11:45:57.751 [main] INFO  by.training.vashkevichyura.dao.Impl.BikeDAOImpl - count changed element 1
2020-01-15 11:46:05.809 [main] INFO  by.training.vashkevichyura.dao.Impl.BikeDAOImpl - count changed element 1
